Arguments: 
  C:\Program Files\nodejs\node.exe C:\Users\xjf77\AppData\Roaming\npm\node_modules\yarn\bin\yarn.js serve

PATH: 
  C:\Program Files\Java\jdk1.8.0_321\bin;C:\Program Files\Java\jdk1.8.0_321\jre\bin;C:\Program Files (x86)\Common Files\Oracle\Java\javapath;C:\Users\xjf77\Downloads\WINDOWS.X64_193000_db_home\bin;C:\Python310\Scripts\;C:\Python310\;C:\Windows\system32;C:\Windows;C:\Windows\System32\Wbem;C:\Windows\System32\WindowsPowerShell\v1.0\;C:\Windows\System32\OpenSSH\;C:\Program Files (x86)\NVIDIA Corporation\PhysX\Common;C:\Program Files\NVIDIA Corporation\NVIDIA NvDLISR;C:\WINDOWS\system32;C:\WINDOWS;C:\WINDOWS\System32\Wbem;C:\WINDOWS\System32\WindowsPowerShell\v1.0\;C:\WINDOWS\System32\OpenSSH\;C:\Program Files\Git\cmd;C:\ProgramData\chocolatey\bin;C:\Program Files\TortoiseSVN\bin;C:\Program Files (x86)\NetSarang\Xshell 7\;C:\Program Files\TortoiseGit\bin;C:\Program Files\dotnet\;C:\Program Files\nodejs\;C:\Program Files (x86)\税务证书应用客户端;C:\Program Files\Git LFS;C:\Users\xjf77\AppData\Local\Microsoft\WindowsApps;C:\Users\xjf77\AppData\Local\Programs\Microsoft VS Code\bin;C:\Program Files\Docker Toolbox;C:\Program Files\JetBrains\WebStorm 2021.2.2\bin;;C:\Users\xjf77\AppData\Roaming\npm;D:\MY-GIT\typescript-start\node_modules\.bin

Yarn version: 
  1.22.10

Node version: 
  16.15.1

Platform: 
  win32 x64

Trace: 
  SyntaxError: D:\MY-GIT\typescript-start\package.json: Unexpected token , in JSON at position 2072
      at JSON.parse (<anonymous>)
      at C:\Users\xjf77\AppData\Roaming\npm\node_modules\yarn\lib\cli.js:1625:59
      at Generator.next (<anonymous>)
      at step (C:\Users\xjf77\AppData\Roaming\npm\node_modules\yarn\lib\cli.js:310:30)
      at C:\Users\xjf77\AppData\Roaming\npm\node_modules\yarn\lib\cli.js:321:13

npm manifest: 
  {
    "name": "typescript-start",
    "version": "1.0.0",
    "description": "typescript start . ",
    "main": "src/main.ts",
    "scripts": {
      "serve": "webpack-dev-server --mode=development --config ./build/webpack.config.js",
      "build": "webpack --mode=production --config ./build/webpack.config.js",
      "lib": "webpack --mode=none --config ./build/webpack.lib.config.js",
      "js": "tsc",
      "test": "jest",
      "lint": "eslint src",
      "lint-fix": "eslint 'src/**/*.{ts,js,tsx,jsx}' --fix -o eslint_log.log",
      "uml": "tsuml2 --glob ./src/**/*.ts",
      "docs": "typedoc --entryPointStrategy expand ./src",
      "coverage": "typescript-coverage-report"
    },
    "keywords": [
      "typescript",
      "webpack"
    ],
    "author": "Xu",
    "license": "ISC",
    "devDependencies": {
      "@babel/core": "^7.15.0",
      "@babel/preset-env": "^7.15.0",
      "@babel/preset-react": "^7.14.5",
      "@types/file-saver": "^2.0.3",
      "@types/jest": "^24.9.1",
      "@typescript-eslint/eslint-plugin": "^4.29.2",
      "@typescript-eslint/parser": "^4.29.2",
      "autoprefixer": "^10.3.1",
      "babel-loader": "^8.2.2",
      "clean-webpack-plugin": "^4.0.0-alpha.0",
      "compression-webpack-plugin": "^8.0.1",
      "css-loader": "^6.2.0",
      "css-minimizer-webpack-plugin": "^3.0.2",
      "eslint": "^7.32.0",
      "eslint-webpack-plugin": "^3.0.1",
      "file-loader": "^6.2.0",
      "html-loader": "^2.1.2",
      "html-webpack-plugin": "^5.3.2",
      "jest": "^27.0.6",
      "less": "^4.1.1",
      "less-loader": "^10.0.1",
      "lint": "^0.7.0",
      "mini-css-extract-plugin": "^2.2.0",
      "postcss": "^8.3.6",
      "postcss-loader": "^6.1.1",
      "precss": "^4.0.0",
      "sass": "^1.38.1",
      "sass-loader": "^12.1.0",
      "style-loader": "^3.2.1",
      "terser-webpack-plugin": "^5.2.2",
      "ts-jest": "^27.0.5",
      "ts-loader": "^9.2.5",
      "type-coverage": "^2.19.0",
      "typedoc": "^0.23.10",
      "typescript": "^4.3.5",
      "typescript-coverage-report": "^0.6.1",
      "url-loader": "^4.1.1",
      "webpack": "^5.51.1",
      "webpack-bundle-analyzer": "^4.4.2",
      "webpack-cli": "^4.8.0",,
      "webpack-dev-server": "^4.0.0",
      "webpack-merge": "^5.8.0"
    },
    "dependencies": {
      "axios": "^0.21.1",
      "file-saver": "^2.0.5",
      "jsbarcode": "^3.11.4",
      "jszip": "^3.7.1",,
      "rxjs": "^7.3.0"
    },
    "typeCoverage": {
      "atLeast": 99,
      "is": 99,
      "cache": true,
      "debug": true,
      "detail": true,
      "ignoreCatch": true,
      "ignoreFiles": [
        "demo1/*.ts",
        "demo2/foo.ts"
      ],
      "project": "tsconfig.json",
      "strict": true,
      "suppressError": true,
      "update": true,
      "ignoreUnread": true,
      "ignoreNested": true,
      "ignoreAsAssertion": true,
      "ignoreTypeAssertion": true,
      "ignoreNonNullAssertion": true,
      "showRelativePath": true,
      "historyFile": "typecoverage.json",
      "noDetailWhenFailed": true
    }
  }

yarn manifest: 
  No manifest

Lockfile: 
  No lockfile
